<?xml version="1.0" encoding="UTF-8"?>
<!-- Generated by org.testng.reporters.JUnitXMLReporter -->
<testsuite ignored="0" hostname="DESKTOP-M0CBG2S" failures="0" tests="9" name="Default test" time="556.865" errors="0" timestamp="2023-09-02T15:14:03 IST">
  <testcase classname="testCase.TC_01" name="verifyLoginWithValidcredential" time="24.614"/>
  <testcase classname="testCase.TC_01" name="verifySearchBar" time="31.844"/>
  <testcase classname="testCase.TC_01" name="verifyMouseHover" time="4.654"/>
  <testcase classname="testCase.TC_01" name="verifyScrollDown" time="0.146"/>
  <testcase classname="testCase.TC_01" name="verifyScrollup" time="0.029"/>
  <testcase classname="testCase.TC_01" name="verifyScreenshot" time="1.002"/>
  <testcase classname="testCase.TC_01" name="verifyGetWindowHandle" time="15.251"/>
  <testcase classname="testCase.TC_01" name="verifyCookiesHandle" time="3.521"/>
  <testcase classname="testCase.TC_01" name="verifyBrokenLink" time="17.793"/>
</testsuite> <!-- Default test -->
