<?xml version="1.0" encoding="UTF-8"?>
<testng-results ignored="0" total="9" passed="9" failed="0" skipped="0">
  <reporter-output>
  </reporter-output>
  <suite started-at="2023-09-02T15:04:46 IST" name="Default suite" finished-at="2023-09-02T15:14:03 IST" duration-ms="556865">
    <groups>
    </groups>
    <test started-at="2023-09-02T15:04:46 IST" name="Default test" finished-at="2023-09-02T15:14:03 IST" duration-ms="556865">
      <class name="testCase.TC_01">
        <test-method is-config="true" signature="BeforeMethod()[pri:0, instance:testCase.TC_01@4c60d6e9]" started-at="2023-09-02T15:04:47 IST" name="BeforeMethod" finished-at="2023-09-02T15:06:24 IST" duration-ms="97694" status="PASS">
          <reporter-output>
          </reporter-output>
        </test-method> <!-- BeforeMethod -->
        <test-method signature="verifyLoginWithValidcredential()[pri:1, instance:testCase.TC_01@4c60d6e9]" started-at="2023-09-02T15:06:24 IST" name="verifyLoginWithValidcredential" finished-at="2023-09-02T15:06:49 IST" duration-ms="24614" status="PASS">
          <reporter-output>
          </reporter-output>
        </test-method> <!-- verifyLoginWithValidcredential -->
        <test-method is-config="true" signature="afterMethod()[pri:0, instance:testCase.TC_01@4c60d6e9]" started-at="2023-09-02T15:06:49 IST" name="afterMethod" finished-at="2023-09-02T15:06:51 IST" duration-ms="2265" status="PASS">
          <reporter-output>
          </reporter-output>
        </test-method> <!-- afterMethod -->
        <test-method is-config="true" signature="BeforeMethod()[pri:0, instance:testCase.TC_01@4c60d6e9]" started-at="2023-09-02T15:06:51 IST" name="BeforeMethod" finished-at="2023-09-02T15:07:36 IST" duration-ms="45021" status="PASS">
          <reporter-output>
          </reporter-output>
        </test-method> <!-- BeforeMethod -->
        <test-method signature="verifySearchBar()[pri:2, instance:testCase.TC_01@4c60d6e9]" started-at="2023-09-02T15:07:36 IST" name="verifySearchBar" finished-at="2023-09-02T15:08:08 IST" duration-ms="31844" status="PASS">
          <reporter-output>
          </reporter-output>
        </test-method> <!-- verifySearchBar -->
        <test-method is-config="true" signature="afterMethod()[pri:0, instance:testCase.TC_01@4c60d6e9]" started-at="2023-09-02T15:08:08 IST" name="afterMethod" finished-at="2023-09-02T15:08:10 IST" duration-ms="1560" status="PASS">
          <reporter-output>
          </reporter-output>
        </test-method> <!-- afterMethod -->
        <test-method is-config="true" signature="BeforeMethod()[pri:0, instance:testCase.TC_01@4c60d6e9]" started-at="2023-09-02T15:08:10 IST" name="BeforeMethod" finished-at="2023-09-02T15:08:52 IST" duration-ms="41839" status="PASS">
          <reporter-output>
          </reporter-output>
        </test-method> <!-- BeforeMethod -->
        <test-method signature="verifyMouseHover()[pri:3, instance:testCase.TC_01@4c60d6e9]" started-at="2023-09-02T15:08:52 IST" name="verifyMouseHover" finished-at="2023-09-02T15:08:56 IST" duration-ms="4654" status="PASS">
          <reporter-output>
          </reporter-output>
        </test-method> <!-- verifyMouseHover -->
        <test-method is-config="true" signature="afterMethod()[pri:0, instance:testCase.TC_01@4c60d6e9]" started-at="2023-09-02T15:08:56 IST" name="afterMethod" finished-at="2023-09-02T15:08:57 IST" duration-ms="1103" status="PASS">
          <reporter-output>
          </reporter-output>
        </test-method> <!-- afterMethod -->
        <test-method is-config="true" signature="BeforeMethod()[pri:0, instance:testCase.TC_01@4c60d6e9]" started-at="2023-09-02T15:08:57 IST" name="BeforeMethod" finished-at="2023-09-02T15:09:41 IST" duration-ms="43815" status="PASS">
          <reporter-output>
          </reporter-output>
        </test-method> <!-- BeforeMethod -->
        <test-method signature="verifyScrollDown()[pri:4, instance:testCase.TC_01@4c60d6e9]" started-at="2023-09-02T15:09:41 IST" name="verifyScrollDown" finished-at="2023-09-02T15:09:41 IST" duration-ms="146" status="PASS">
          <reporter-output>
          </reporter-output>
        </test-method> <!-- verifyScrollDown -->
        <test-method is-config="true" signature="afterMethod()[pri:0, instance:testCase.TC_01@4c60d6e9]" started-at="2023-09-02T15:09:41 IST" name="afterMethod" finished-at="2023-09-02T15:09:43 IST" duration-ms="1514" status="PASS">
          <reporter-output>
          </reporter-output>
        </test-method> <!-- afterMethod -->
        <test-method is-config="true" signature="BeforeMethod()[pri:0, instance:testCase.TC_01@4c60d6e9]" started-at="2023-09-02T15:09:43 IST" name="BeforeMethod" finished-at="2023-09-02T15:10:18 IST" duration-ms="35446" status="PASS">
          <reporter-output>
          </reporter-output>
        </test-method> <!-- BeforeMethod -->
        <test-method signature="verifyScrollup()[pri:5, instance:testCase.TC_01@4c60d6e9]" started-at="2023-09-02T15:10:18 IST" name="verifyScrollup" finished-at="2023-09-02T15:10:18 IST" duration-ms="29" status="PASS">
          <reporter-output>
          </reporter-output>
        </test-method> <!-- verifyScrollup -->
        <test-method is-config="true" signature="afterMethod()[pri:0, instance:testCase.TC_01@4c60d6e9]" started-at="2023-09-02T15:10:18 IST" name="afterMethod" finished-at="2023-09-02T15:10:19 IST" duration-ms="1088" status="PASS">
          <reporter-output>
          </reporter-output>
        </test-method> <!-- afterMethod -->
        <test-method is-config="true" signature="BeforeMethod()[pri:0, instance:testCase.TC_01@4c60d6e9]" started-at="2023-09-02T15:10:19 IST" name="BeforeMethod" finished-at="2023-09-02T15:10:52 IST" duration-ms="33089" status="PASS">
          <reporter-output>
          </reporter-output>
        </test-method> <!-- BeforeMethod -->
        <test-method signature="verifyScreenshot()[pri:6, instance:testCase.TC_01@4c60d6e9]" started-at="2023-09-02T15:10:52 IST" name="verifyScreenshot" finished-at="2023-09-02T15:10:53 IST" duration-ms="1002" status="PASS">
          <reporter-output>
          </reporter-output>
        </test-method> <!-- verifyScreenshot -->
        <test-method is-config="true" signature="afterMethod()[pri:0, instance:testCase.TC_01@4c60d6e9]" started-at="2023-09-02T15:10:54 IST" name="afterMethod" finished-at="2023-09-02T15:10:55 IST" duration-ms="1109" status="PASS">
          <reporter-output>
          </reporter-output>
        </test-method> <!-- afterMethod -->
        <test-method is-config="true" signature="BeforeMethod()[pri:0, instance:testCase.TC_01@4c60d6e9]" started-at="2023-09-02T15:10:55 IST" name="BeforeMethod" finished-at="2023-09-02T15:11:26 IST" duration-ms="31402" status="PASS">
          <reporter-output>
          </reporter-output>
        </test-method> <!-- BeforeMethod -->
        <test-method signature="verifyGetWindowHandle()[pri:7, instance:testCase.TC_01@4c60d6e9]" started-at="2023-09-02T15:11:26 IST" name="verifyGetWindowHandle" finished-at="2023-09-02T15:11:41 IST" duration-ms="15251" status="PASS">
          <reporter-output>
          </reporter-output>
        </test-method> <!-- verifyGetWindowHandle -->
        <test-method is-config="true" signature="afterMethod()[pri:0, instance:testCase.TC_01@4c60d6e9]" started-at="2023-09-02T15:11:41 IST" name="afterMethod" finished-at="2023-09-02T15:11:44 IST" duration-ms="2582" status="PASS">
          <reporter-output>
          </reporter-output>
        </test-method> <!-- afterMethod -->
        <test-method is-config="true" signature="BeforeMethod()[pri:0, instance:testCase.TC_01@4c60d6e9]" started-at="2023-09-02T15:11:44 IST" name="BeforeMethod" finished-at="2023-09-02T15:12:25 IST" duration-ms="41563" status="PASS">
          <reporter-output>
          </reporter-output>
        </test-method> <!-- BeforeMethod -->
        <test-method signature="verifyCookiesHandle()[pri:8, instance:testCase.TC_01@4c60d6e9]" started-at="2023-09-02T15:12:25 IST" name="verifyCookiesHandle" finished-at="2023-09-02T15:12:29 IST" duration-ms="3521" status="PASS">
          <reporter-output>
          </reporter-output>
        </test-method> <!-- verifyCookiesHandle -->
        <test-method is-config="true" signature="afterMethod()[pri:0, instance:testCase.TC_01@4c60d6e9]" started-at="2023-09-02T15:12:29 IST" name="afterMethod" finished-at="2023-09-02T15:12:30 IST" duration-ms="1398" status="PASS">
          <reporter-output>
          </reporter-output>
        </test-method> <!-- afterMethod -->
        <test-method is-config="true" signature="BeforeMethod()[pri:0, instance:testCase.TC_01@4c60d6e9]" started-at="2023-09-02T15:12:30 IST" name="BeforeMethod" finished-at="2023-09-02T15:13:43 IST" duration-ms="72431" status="PASS">
          <reporter-output>
          </reporter-output>
        </test-method> <!-- BeforeMethod -->
        <test-method signature="verifyBrokenLink()[pri:9, instance:testCase.TC_01@4c60d6e9]" started-at="2023-09-02T15:13:43 IST" name="verifyBrokenLink" finished-at="2023-09-02T15:14:01 IST" duration-ms="17793" status="PASS">
          <reporter-output>
          </reporter-output>
        </test-method> <!-- verifyBrokenLink -->
        <test-method is-config="true" signature="afterMethod()[pri:0, instance:testCase.TC_01@4c60d6e9]" started-at="2023-09-02T15:14:01 IST" name="afterMethod" finished-at="2023-09-02T15:14:03 IST" duration-ms="2033" status="PASS">
          <reporter-output>
          </reporter-output>
        </test-method> <!-- afterMethod -->
      </class> <!-- testCase.TC_01 -->
    </test> <!-- Default test -->
  </suite> <!-- Default suite -->
</testng-results>
